[debug] [2023-04-23T02:27:38.742Z] ----------------------------------------------------------------------
[debug] [2023-04-23T02:27:38.745Z] Command:       C:\Program Files\nodejs\node.exe C:\Users\Pavlos\AppData\Roaming\npm\node_modules\firebase-tools\lib\bin\firebase.js init hosting
[debug] [2023-04-23T02:27:38.746Z] CLI Version:   11.28.0
[debug] [2023-04-23T02:27:38.746Z] Platform:      win32
[debug] [2023-04-23T02:27:38.746Z] Node Version:  v19.8.1
[debug] [2023-04-23T02:27:38.746Z] Time:          Sun Apr 23 2023 05:27:38 GMT+0300 (Θερινή ώρα Ανατολικής Ευρώπης)
[debug] [2023-04-23T02:27:38.747Z] ----------------------------------------------------------------------
[debug] 
[debug] [2023-04-23T02:27:38.755Z] > command requires scopes: ["email","openid","https://www.googleapis.com/auth/cloudplatformprojects.readonly","https://www.googleapis.com/auth/firebase","https://www.googleapis.com/auth/cloud-platform"]
[debug] [2023-04-23T02:27:38.756Z] > authorizing via signed-in user (dinant11133@gmail.com)
[info] 
     ######## #### ########  ######## ########     ###     ######  ########
     ##        ##  ##     ## ##       ##     ##  ##   ##  ##       ##
     ######    ##  ########  ######   ########  #########  ######  ######
     ##        ##  ##    ##  ##       ##     ## ##     ##       ## ##
     ##       #### ##     ## ######## ########  ##     ##  ######  ########

You're about to initialize a Firebase project in this directory:

  C:\Users\Pavlos\Documents\GitHub\carpool

[info] 
=== Project Setup
[info] 
[info] First, let's associate this project directory with a Firebase project.
[info] You can create multiple project aliases by running firebase use --add, 
[info] but for now we'll just set up a default project.
[info] 
[debug] [2023-04-23T02:27:42.351Z] >>> [apiv2][query] GET https://firebase.googleapis.com/v1beta1/projects pageSize=100
[debug] [2023-04-23T02:27:43.007Z] <<< [apiv2][status] GET https://firebase.googleapis.com/v1beta1/projects 200
[debug] [2023-04-23T02:27:43.007Z] <<< [apiv2][body] GET https://firebase.googleapis.com/v1beta1/projects [omitted]
[info] i  Using project blingo-a932b (blingo) 
[info] 
=== Hosting Setup
[info] 
[info] Your public directory is the folder (relative to your project directory) that
[info] will contain Hosting assets to be uploaded with firebase deploy. If you
[info] have a build process for your assets, use your build's output directory.
[info] 
[debug] [2023-04-23T02:29:18.548Z] >>> [apiv2][query] GET https://www.gstatic.com/firebasejs/releases.json [none]
[debug] [2023-04-23T02:29:18.746Z] <<< [apiv2][status] GET https://www.gstatic.com/firebasejs/releases.json 200
[debug] [2023-04-23T02:29:18.746Z] <<< [apiv2][body] GET https://www.gstatic.com/firebasejs/releases.json {"current":{"version":"9.20.0","browserURL":"https://www.gstatic.com/firebasejs/9.20.0/firebase.js","packageURL":"https://www.gstatic.com/firebasejs/9.20.0/firebase.tgz"},"live":{"version":"9.20","browserURL":"https://www.gstatic.com/firebasejs/live/9.20/firebase.js","packageURL":"https://www.gstatic.com/firebasejs/live/9.20/firebase.tgz"},"components":{"analytics":"https://www.gstatic.com/firebasejs/9.20.0/firebase-analytics.js","app":"https://www.gstatic.com/firebasejs/9.20.0/firebase-app.js","app-check":"https://www.gstatic.com/firebasejs/9.20.0/firebase-app-check.js","auth":"https://www.gstatic.com/firebasejs/9.20.0/firebase-auth.js","auth/cordova":"https://www.gstatic.com/firebasejs/9.20.0/firebase-auth/cordova.js","auth/react-native":"https://www.gstatic.com/firebasejs/9.20.0/firebase-auth/react-native.js","functions":"https://www.gstatic.com/firebasejs/9.20.0/firebase-functions.js","firestore":"https://www.gstatic.com/firebasejs/9.20.0/firebase-firestore.js","firestore/lite":"https://www.gstatic.com/firebasejs/9.20.0/firebase-firestore/lite.js","installations":"https://www.gstatic.com/firebasejs/9.20.0/firebase-installations.js","storage":"https://www.gstatic.com/firebasejs/9.20.0/firebase-storage.js","performance":"https://www.gstatic.com/firebasejs/9.20.0/firebase-performance.js","remote-config":"https://www.gstatic.com/firebasejs/9.20.0/firebase-remote-config.js","messaging":"https://www.gstatic.com/firebasejs/9.20.0/firebase-messaging.js","messaging/sw":"https://www.gstatic.com/firebasejs/9.20.0/firebase-messaging/sw.js","database":"https://www.gstatic.com/firebasejs/9.20.0/firebase-database.js","firestore.memory":"https://www.gstatic.com/firebasejs/9.20.0/firebase-firestore.memory.js"}}
[info] +  Wrote public/index.html 
[info] 
[info] i  Detected a .git folder at C:\Users\Pavlos\Documents\GitHub\carpool 
[info] i  Authorizing with GitHub to upload your service account to a GitHub repository's secrets store. 
[info] 
[info] Visit this URL on this device to log in:
[info] https://github.com/login/oauth/authorize?client_id=89cf50f02ac6aaed3484&state=125832760&redirect_uri=http%3A%2F%2Flocalhost%3A9005&scope=read%3Auser%20repo%20public_repo
[info] 
[info] Waiting for authentication...
[debug] [2023-04-23T02:29:19.722Z] >>> [apiv2][query] POST https://github.com/login/oauth/access_token [none]
[debug] [2023-04-23T02:29:19.722Z] >>> [apiv2][body] POST https://github.com/login/oauth/access_token [stream]
[debug] [2023-04-23T02:29:20.087Z] <<< [apiv2][status] POST https://github.com/login/oauth/access_token 200
[debug] [2023-04-23T02:29:20.087Z] <<< [apiv2][body] POST https://github.com/login/oauth/access_token {"access_token":"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","token_type":"bearer","scope":"read:user,repo"}
[debug] [2023-04-23T02:29:20.101Z] >>> [apiv2][query] GET https://api.github.com/user [none]
[debug] [2023-04-23T02:29:20.534Z] <<< [apiv2][status] GET https://api.github.com/user 200
[debug] [2023-04-23T02:29:20.534Z] <<< [apiv2][body] GET https://api.github.com/user {"login":"pavlosantoniou13","id":117662861,"node_id":"U_kgDOBwNkjQ","avatar_url":"https://avatars.githubusercontent.com/u/117662861?v=4","gravatar_id":"","url":"https://api.github.com/users/pavlosantoniou13","html_url":"https://github.com/pavlosantoniou13","followers_url":"https://api.github.com/users/pavlosantoniou13/followers","following_url":"https://api.github.com/users/pavlosantoniou13/following{/other_user}","gists_url":"https://api.github.com/users/pavlosantoniou13/gists{/gist_id}","starred_url":"https://api.github.com/users/pavlosantoniou13/starred{/owner}{/repo}","subscriptions_url":"https://api.github.com/users/pavlosantoniou13/subscriptions","organizations_url":"https://api.github.com/users/pavlosantoniou13/orgs","repos_url":"https://api.github.com/users/pavlosantoniou13/repos","events_url":"https://api.github.com/users/pavlosantoniou13/events{/privacy}","received_events_url":"https://api.github.com/users/pavlosantoniou13/received_events","type":"User","site_admin":false,"name":"Pavlos Antoniou","company":null,"blog":"","location":null,"email":null,"hireable":null,"bio":"Hey i'm Pavlos, a full-stack software developer from Greece.","twitter_username":null,"public_repos":29,"public_gists":0,"followers":0,"following":0,"created_at":"2022-11-07T15:05:47Z","updated_at":"2023-04-01T22:31:36Z","private_gists":0,"total_private_repos":4,"owned_private_repos":4,"disk_usage":131511,"collaborators":1,"two_factor_authentication":false,"plan":{"name":"free","space":976562499,"collaborators":0,"private_repos":10000}}
[info] 
[info] +  Success! Logged into GitHub as pavlosantoniou13 
[info] 
[debug] [2023-04-23T02:29:31.697Z] >>> [apiv2][query] GET https://api.github.com/repos//actions/secrets/public-key type=owner
[debug] [2023-04-23T02:29:32.041Z] <<< [apiv2][status] GET https://api.github.com/repos//actions/secrets/public-key 404
[debug] [2023-04-23T02:29:32.041Z] <<< [apiv2][body] GET https://api.github.com/repos//actions/secrets/public-key {"message":"Not Found","documentation_url":"https://docs.github.com/rest"}
[info] 
[info] 
[error] !  The provided authorization cannot be used with this repository. If this repository is in an organization, did you remember to grant access? 
[info] 
[info] i  Action required: Visit this URL to ensure access has been granted to the appropriate organization(s) for the Firebase CLI GitHub OAuth App: 
[info] https://github.com/settings/connections/applications/89cf50f02ac6aaed3484
[info] 
[debug] [2023-04-23T02:29:50.295Z] >>> [apiv2][query] GET https://api.github.com/repos//actions/secrets/public-key type=owner
[debug] [2023-04-23T02:29:50.614Z] <<< [apiv2][status] GET https://api.github.com/repos//actions/secrets/public-key 404
[debug] [2023-04-23T02:29:50.615Z] <<< [apiv2][body] GET https://api.github.com/repos//actions/secrets/public-key {"message":"Not Found","documentation_url":"https://docs.github.com/rest"}
[info] 
[info] 
[error] !  The provided authorization cannot be used with this repository. If this repository is in an organization, did you remember to grant access? 
[info] 
[info] i  Action required: Visit this URL to ensure access has been granted to the appropriate organization(s) for the Firebase CLI GitHub OAuth App: 
[info] https://github.com/settings/connections/applications/89cf50f02ac6aaed3484
[info] 
[debug] [2023-04-23T02:29:56.967Z] >>> [apiv2][query] GET https://api.github.com/repos/n/actions/secrets/public-key type=owner
[debug] [2023-04-23T02:29:57.291Z] <<< [apiv2][status] GET https://api.github.com/repos/n/actions/secrets/public-key 404
[debug] [2023-04-23T02:29:57.291Z] <<< [apiv2][body] GET https://api.github.com/repos/n/actions/secrets/public-key {"message":"Not Found","documentation_url":"https://docs.github.com/rest"}
[info] 
[info] 
[error] !  The provided authorization cannot be used with this repository. If this repository is in an organization, did you remember to grant access? 
[info] 
[info] i  Action required: Visit this URL to ensure access has been granted to the appropriate organization(s) for the Firebase CLI GitHub OAuth App: 
[info] https://github.com/settings/connections/applications/89cf50f02ac6aaed3484
[info] 
